SF:lib/src/observable.dart
DA:22,2
DA:23,4
DA:26,2
DA:30,2
DA:31,2
DA:37,2
DA:38,2
DA:40,2
DA:42,2
DA:43,8
DA:46,2
DA:47,4
DA:48,4
DA:52,2
DA:54,2
DA:57,1
DA:58,1
DA:60,1
DA:61,1
LF:19
LH:19
end_of_record
SF:lib/src/computed.dart
DA:31,1
DA:32,2
DA:36,3
DA:39,1
DA:40,1
DA:41,1
DA:43,1
DA:45,1
DA:51,1
DA:52,1
DA:54,1
DA:56,1
DA:57,4
DA:60,1
DA:62,1
DA:65,1
DA:66,3
DA:68,1
DA:69,1
DA:73,1
DA:76,1
DA:77,1
DA:82,1
DA:83,1
DA:85,1
DA:87,1
DA:88,4
DA:91,1
DA:92,2
DA:93,2
DA:97,1
DA:98,1
DA:100,1
DA:101,1
LF:34
LH:34
end_of_record
